DEBUG - 2025-07-10 02:16:02 --> Session: Class initialized using 'CodeIgniter\Session\Handlers\FileHandler' driver.
DEBUG - 2025-07-10 02:16:03 --> Session: Class initialized using 'CodeIgniter\Session\Handlers\FileHandler' driver.
DEBUG - 2025-07-10 02:16:15 --> Session: Class initialized using 'CodeIgniter\Session\Handlers\FileHandler' driver.
DEBUG - 2025-07-10 02:16:15 --> Session: Class initialized using 'CodeIgniter\Session\Handlers\FileHandler' driver.
DEBUG - 2025-07-10 02:16:24 --> Session: Class initialized using 'CodeIgniter\Session\Handlers\FileHandler' driver.
DEBUG - 2025-07-10 02:16:24 --> Session: Class initialized using 'CodeIgniter\Session\Handlers\FileHandler' driver.
INFO - 2025-07-10 02:16:24 --> Cart Class Initialized
DEBUG - 2025-07-10 02:16:30 --> Session: Class initialized using 'CodeIgniter\Session\Handlers\FileHandler' driver.
INFO - 2025-07-10 02:16:30 --> Cart Class Initialized
INFO - 2025-07-10 02:16:30 --> Cart Class Initialized
DEBUG - 2025-07-10 02:16:35 --> Session: Class initialized using 'CodeIgniter\Session\Handlers\FileHandler' driver.
INFO - 2025-07-10 02:16:35 --> Cart Class Initialized
DEBUG - 2025-07-10 02:16:47 --> Session: Class initialized using 'CodeIgniter\Session\Handlers\FileHandler' driver.
INFO - 2025-07-10 02:16:47 --> Cart Class Initialized
DEBUG - 2025-07-10 02:16:49 --> Session: Class initialized using 'CodeIgniter\Session\Handlers\FileHandler' driver.
INFO - 2025-07-10 02:16:49 --> Cart Class Initialized
DEBUG - 2025-07-10 02:17:00 --> Session: Class initialized using 'CodeIgniter\Session\Handlers\FileHandler' driver.
INFO - 2025-07-10 02:17:00 --> Cart Class Initialized
DEBUG - 2025-07-10 02:17:02 --> Session: Class initialized using 'CodeIgniter\Session\Handlers\FileHandler' driver.
INFO - 2025-07-10 02:17:02 --> Cart Class Initialized
DEBUG - 2025-07-10 02:17:03 --> Session: Class initialized using 'CodeIgniter\Session\Handlers\FileHandler' driver.
INFO - 2025-07-10 02:17:03 --> Cart Class Initialized
DEBUG - 2025-07-10 02:17:06 --> Session: Class initialized using 'CodeIgniter\Session\Handlers\FileHandler' driver.
INFO - 2025-07-10 02:17:06 --> Cart Class Initialized
INFO - 2025-07-10 02:17:06 --> Cart Class Initialized
DEBUG - 2025-07-10 02:36:59 --> Session: Class initialized using 'CodeIgniter\Session\Handlers\FileHandler' driver.
INFO - 2025-07-10 02:36:59 --> Cart Class Initialized
INFO - 2025-07-10 02:36:59 --> Cart Class Initialized
DEBUG - 2025-07-10 02:37:02 --> Session: Class initialized using 'CodeIgniter\Session\Handlers\FileHandler' driver.
INFO - 2025-07-10 02:37:02 --> Cart Class Initialized
DEBUG - 2025-07-10 02:37:04 --> Session: Class initialized using 'CodeIgniter\Session\Handlers\FileHandler' driver.
INFO - 2025-07-10 02:37:04 --> Cart Class Initialized
DEBUG - 2025-07-10 02:37:07 --> Session: Class initialized using 'CodeIgniter\Session\Handlers\FileHandler' driver.
INFO - 2025-07-10 02:37:07 --> Cart Class Initialized
DEBUG - 2025-07-10 02:37:07 --> Session: Class initialized using 'CodeIgniter\Session\Handlers\FileHandler' driver.
INFO - 2025-07-10 02:37:07 --> Cart Class Initialized
DEBUG - 2025-07-10 02:37:09 --> Session: Class initialized using 'CodeIgniter\Session\Handlers\FileHandler' driver.
INFO - 2025-07-10 02:37:09 --> Cart Class Initialized
INFO - 2025-07-10 02:37:09 --> Cart Class Initialized
DEBUG - 2025-07-10 02:43:12 --> Session: Class initialized using 'CodeIgniter\Session\Handlers\FileHandler' driver.
INFO - 2025-07-10 02:43:12 --> Cart Class Initialized
INFO - 2025-07-10 02:43:12 --> Cart Class Initialized
DEBUG - 2025-07-10 02:43:15 --> Session: Class initialized using 'CodeIgniter\Session\Handlers\FileHandler' driver.
INFO - 2025-07-10 02:43:15 --> Cart Class Initialized
ERROR - 2025-07-10 02:43:15 --> mysqli_sql_exception: Table 'db_ci4.transactions' doesn't exist in D:\Program Files\XAMPP\htdocs\myproject-toko\system\Database\MySQLi\Connection.php:327
Stack trace:
#0 D:\Program Files\XAMPP\htdocs\myproject-toko\system\Database\MySQLi\Connection.php(327): mysqli->query('SELECT *\nFROM `...', 0)
#1 D:\Program Files\XAMPP\htdocs\myproject-toko\system\Database\BaseConnection.php(738): CodeIgniter\Database\MySQLi\Connection->execute('SELECT *\nFROM `...')
#2 D:\Program Files\XAMPP\htdocs\myproject-toko\system\Database\BaseConnection.php(652): CodeIgniter\Database\BaseConnection->simpleQuery('SELECT *\nFROM `...')
#3 D:\Program Files\XAMPP\htdocs\myproject-toko\system\Database\BaseBuilder.php(1649): CodeIgniter\Database\BaseConnection->query('SELECT *\nFROM `...', Array, false)
#4 D:\Program Files\XAMPP\htdocs\myproject-toko\system\Model.php(286): CodeIgniter\Database\BaseBuilder->get()
#5 D:\Program Files\XAMPP\htdocs\myproject-toko\system\BaseModel.php(679): CodeIgniter\Model->doFindAll(0, 0)
#6 D:\Program Files\XAMPP\htdocs\myproject-toko\app\Controllers\TransaksiController.php(143): CodeIgniter\BaseModel->findAll()
#7 D:\Program Files\XAMPP\htdocs\myproject-toko\system\CodeIgniter.php(933): App\Controllers\TransaksiController->history()
#8 D:\Program Files\XAMPP\htdocs\myproject-toko\system\CodeIgniter.php(507): CodeIgniter\CodeIgniter->runController(Object(App\Controllers\TransaksiController))
#9 D:\Program Files\XAMPP\htdocs\myproject-toko\system\CodeIgniter.php(354): CodeIgniter\CodeIgniter->handleRequest(NULL, Object(Config\Cache), false)
#10 D:\Program Files\XAMPP\htdocs\myproject-toko\system\Boot.php(334): CodeIgniter\CodeIgniter->run()
#11 D:\Program Files\XAMPP\htdocs\myproject-toko\system\Boot.php(67): CodeIgniter\Boot::runCodeIgniter(Object(CodeIgniter\CodeIgniter))
#12 D:\Program Files\XAMPP\htdocs\myproject-toko\public\index.php(59): CodeIgniter\Boot::bootWeb(Object(Config\Paths))
#13 D:\Program Files\XAMPP\htdocs\myproject-toko\system\rewrite.php(44): require_once('D:\\Program File...')
#14 {main}
CRITICAL - 2025-07-10 02:43:15 --> CodeIgniter\Database\Exceptions\DatabaseException: Table 'db_ci4.transactions' doesn't exist
[Method: GET, Route: transaksi]
in SYSTEMPATH\Database\BaseConnection.php on line 692.
 1 SYSTEMPATH\Database\BaseBuilder.php(1649): CodeIgniter\Database\BaseConnection->query('SELECT *
FROM `transactions`', [], false)
 2 SYSTEMPATH\Model.php(286): CodeIgniter\Database\BaseBuilder->get()
 3 SYSTEMPATH\BaseModel.php(679): CodeIgniter\Model->doFindAll(0, 0)
 4 APPPATH\Controllers\TransaksiController.php(143): CodeIgniter\BaseModel->findAll()
 5 SYSTEMPATH\CodeIgniter.php(933): App\Controllers\TransaksiController->history()
 6 SYSTEMPATH\CodeIgniter.php(507): CodeIgniter\CodeIgniter->runController(Object(App\Controllers\TransaksiController))
 7 SYSTEMPATH\CodeIgniter.php(354): CodeIgniter\CodeIgniter->handleRequest(null, Object(Config\Cache), false)
 8 SYSTEMPATH\Boot.php(334): CodeIgniter\CodeIgniter->run()
 9 SYSTEMPATH\Boot.php(67): CodeIgniter\Boot::runCodeIgniter(Object(CodeIgniter\CodeIgniter))
10 FCPATH\index.php(59): CodeIgniter\Boot::bootWeb(Object(Config\Paths))
11 SYSTEMPATH\rewrite.php(44): require_once('D:\\Program Files\\XAMPP\\htdocs\\myproject-toko\\public\\index.php')
CRITICAL - 2025-07-10 02:43:15 --> [Caused by] CodeIgniter\Database\Exceptions\DatabaseException: Table 'db_ci4.transactions' doesn't exist
in SYSTEMPATH\Database\MySQLi\Connection.php on line 332.
 1 SYSTEMPATH\Database\BaseConnection.php(738): CodeIgniter\Database\MySQLi\Connection->execute('SELECT *
FROM `transactions`')
 2 SYSTEMPATH\Database\BaseConnection.php(652): CodeIgniter\Database\BaseConnection->simpleQuery('SELECT *
FROM `transactions`')
 3 SYSTEMPATH\Database\BaseBuilder.php(1649): CodeIgniter\Database\BaseConnection->query('SELECT *
FROM `transactions`', [], false)
 4 SYSTEMPATH\Model.php(286): CodeIgniter\Database\BaseBuilder->get()
 5 SYSTEMPATH\BaseModel.php(679): CodeIgniter\Model->doFindAll(0, 0)
 6 APPPATH\Controllers\TransaksiController.php(143): CodeIgniter\BaseModel->findAll()
 7 SYSTEMPATH\CodeIgniter.php(933): App\Controllers\TransaksiController->history()
 8 SYSTEMPATH\CodeIgniter.php(507): CodeIgniter\CodeIgniter->runController(Object(App\Controllers\TransaksiController))
 9 SYSTEMPATH\CodeIgniter.php(354): CodeIgniter\CodeIgniter->handleRequest(null, Object(Config\Cache), false)
10 SYSTEMPATH\Boot.php(334): CodeIgniter\CodeIgniter->run()
11 SYSTEMPATH\Boot.php(67): CodeIgniter\Boot::runCodeIgniter(Object(CodeIgniter\CodeIgniter))
12 FCPATH\index.php(59): CodeIgniter\Boot::bootWeb(Object(Config\Paths))
13 SYSTEMPATH\rewrite.php(44): require_once('D:\\Program Files\\XAMPP\\htdocs\\myproject-toko\\public\\index.php')
CRITICAL - 2025-07-10 02:43:15 --> [Caused by] mysqli_sql_exception: Table 'db_ci4.transactions' doesn't exist
in SYSTEMPATH\Database\MySQLi\Connection.php on line 327.
 1 SYSTEMPATH\Database\MySQLi\Connection.php(327): mysqli->query('SELECT *
FROM `transactions`', 0)
 2 SYSTEMPATH\Database\BaseConnection.php(738): CodeIgniter\Database\MySQLi\Connection->execute('SELECT *
FROM `transactions`')
 3 SYSTEMPATH\Database\BaseConnection.php(652): CodeIgniter\Database\BaseConnection->simpleQuery('SELECT *
FROM `transactions`')
 4 SYSTEMPATH\Database\BaseBuilder.php(1649): CodeIgniter\Database\BaseConnection->query('SELECT *
FROM `transactions`', [], false)
 5 SYSTEMPATH\Model.php(286): CodeIgniter\Database\BaseBuilder->get()
 6 SYSTEMPATH\BaseModel.php(679): CodeIgniter\Model->doFindAll(0, 0)
 7 APPPATH\Controllers\TransaksiController.php(143): CodeIgniter\BaseModel->findAll()
 8 SYSTEMPATH\CodeIgniter.php(933): App\Controllers\TransaksiController->history()
 9 SYSTEMPATH\CodeIgniter.php(507): CodeIgniter\CodeIgniter->runController(Object(App\Controllers\TransaksiController))
10 SYSTEMPATH\CodeIgniter.php(354): CodeIgniter\CodeIgniter->handleRequest(null, Object(Config\Cache), false)
11 SYSTEMPATH\Boot.php(334): CodeIgniter\CodeIgniter->run()
12 SYSTEMPATH\Boot.php(67): CodeIgniter\Boot::runCodeIgniter(Object(CodeIgniter\CodeIgniter))
13 FCPATH\index.php(59): CodeIgniter\Boot::bootWeb(Object(Config\Paths))
14 SYSTEMPATH\rewrite.php(44): require_once('D:\\Program Files\\XAMPP\\htdocs\\myproject-toko\\public\\index.php')
DEBUG - 2025-07-10 02:44:43 --> Session: Class initialized using 'CodeIgniter\Session\Handlers\FileHandler' driver.
INFO - 2025-07-10 02:44:43 --> Cart Class Initialized
INFO - 2025-07-10 02:44:43 --> Cart Class Initialized
DEBUG - 2025-07-10 02:45:11 --> Session: Class initialized using 'CodeIgniter\Session\Handlers\FileHandler' driver.
INFO - 2025-07-10 02:45:11 --> Cart Class Initialized
DEBUG - 2025-07-10 02:45:15 --> Session: Class initialized using 'CodeIgniter\Session\Handlers\FileHandler' driver.
DEBUG - 2025-07-10 02:45:15 --> Session: Class initialized using 'CodeIgniter\Session\Handlers\FileHandler' driver.
DEBUG - 2025-07-10 02:45:35 --> Session: Class initialized using 'CodeIgniter\Session\Handlers\FileHandler' driver.
DEBUG - 2025-07-10 02:45:35 --> Session: Class initialized using 'CodeIgniter\Session\Handlers\FileHandler' driver.
INFO - 2025-07-10 02:45:35 --> Cart Class Initialized
DEBUG - 2025-07-10 02:45:38 --> Session: Class initialized using 'CodeIgniter\Session\Handlers\FileHandler' driver.
INFO - 2025-07-10 02:45:38 --> Cart Class Initialized
DEBUG - 2025-07-10 02:45:55 --> Session: Class initialized using 'CodeIgniter\Session\Handlers\FileHandler' driver.
DEBUG - 2025-07-10 02:45:55 --> Session: Class initialized using 'CodeIgniter\Session\Handlers\FileHandler' driver.
DEBUG - 2025-07-10 02:46:07 --> Session: Class initialized using 'CodeIgniter\Session\Handlers\FileHandler' driver.
DEBUG - 2025-07-10 02:46:08 --> Session: Class initialized using 'CodeIgniter\Session\Handlers\FileHandler' driver.
INFO - 2025-07-10 02:46:08 --> Cart Class Initialized
DEBUG - 2025-07-10 02:46:11 --> Session: Class initialized using 'CodeIgniter\Session\Handlers\FileHandler' driver.
INFO - 2025-07-10 02:46:11 --> Cart Class Initialized
DEBUG - 2025-07-10 02:46:13 --> Session: Class initialized using 'CodeIgniter\Session\Handlers\FileHandler' driver.
INFO - 2025-07-10 02:46:13 --> Cart Class Initialized
DEBUG - 2025-07-10 02:46:19 --> Session: Class initialized using 'CodeIgniter\Session\Handlers\FileHandler' driver.
INFO - 2025-07-10 02:46:19 --> Cart Class Initialized
INFO - 2025-07-10 02:46:19 --> Cart Class Initialized
DEBUG - 2025-07-10 02:46:21 --> Session: Class initialized using 'CodeIgniter\Session\Handlers\FileHandler' driver.
INFO - 2025-07-10 02:46:21 --> Cart Class Initialized
DEBUG - 2025-07-10 02:46:31 --> Session: Class initialized using 'CodeIgniter\Session\Handlers\FileHandler' driver.
INFO - 2025-07-10 02:46:31 --> Cart Class Initialized
DEBUG - 2025-07-10 02:46:33 --> Session: Class initialized using 'CodeIgniter\Session\Handlers\FileHandler' driver.
INFO - 2025-07-10 02:46:33 --> Cart Class Initialized
DEBUG - 2025-07-10 02:46:42 --> Session: Class initialized using 'CodeIgniter\Session\Handlers\FileHandler' driver.
INFO - 2025-07-10 02:46:42 --> Cart Class Initialized
DEBUG - 2025-07-10 02:46:50 --> Session: Class initialized using 'CodeIgniter\Session\Handlers\FileHandler' driver.
INFO - 2025-07-10 02:46:50 --> Cart Class Initialized
INFO - 2025-07-10 02:46:50 --> Cart Class Initialized
DEBUG - 2025-07-10 02:46:52 --> Session: Class initialized using 'CodeIgniter\Session\Handlers\FileHandler' driver.
INFO - 2025-07-10 02:46:52 --> Cart Class Initialized
DEBUG - 2025-07-10 02:46:54 --> Session: Class initialized using 'CodeIgniter\Session\Handlers\FileHandler' driver.
INFO - 2025-07-10 02:46:54 --> Cart Class Initialized
DEBUG - 2025-07-10 02:46:59 --> Session: Class initialized using 'CodeIgniter\Session\Handlers\FileHandler' driver.
INFO - 2025-07-10 02:46:59 --> Cart Class Initialized
DEBUG - 2025-07-10 02:47:00 --> Session: Class initialized using 'CodeIgniter\Session\Handlers\FileHandler' driver.
INFO - 2025-07-10 02:47:00 --> Cart Class Initialized
DEBUG - 2025-07-10 02:47:00 --> Session: Class initialized using 'CodeIgniter\Session\Handlers\FileHandler' driver.
INFO - 2025-07-10 02:47:00 --> Cart Class Initialized
DEBUG - 2025-07-10 02:47:05 --> Session: Class initialized using 'CodeIgniter\Session\Handlers\FileHandler' driver.
INFO - 2025-07-10 02:47:05 --> Cart Class Initialized
DEBUG - 2025-07-10 02:47:05 --> Session: Class initialized using 'CodeIgniter\Session\Handlers\FileHandler' driver.
INFO - 2025-07-10 02:47:06 --> Cart Class Initialized
DEBUG - 2025-07-10 02:47:08 --> Session: Class initialized using 'CodeIgniter\Session\Handlers\FileHandler' driver.
INFO - 2025-07-10 02:47:08 --> Cart Class Initialized
INFO - 2025-07-10 02:47:08 --> Cart Class Initialized
DEBUG - 2025-07-10 02:47:12 --> Session: Class initialized using 'CodeIgniter\Session\Handlers\FileHandler' driver.
INFO - 2025-07-10 02:47:12 --> Cart Class Initialized
ERROR - 2025-07-10 02:47:12 --> mysqli_sql_exception: Table 'db_ci4.transaction_details' doesn't exist in D:\Program Files\XAMPP\htdocs\myproject-toko\system\Database\MySQLi\Connection.php:327
Stack trace:
#0 D:\Program Files\XAMPP\htdocs\myproject-toko\system\Database\MySQLi\Connection.php(327): mysqli->query('INSERT INTO `tr...', 0)
#1 D:\Program Files\XAMPP\htdocs\myproject-toko\system\Database\BaseConnection.php(738): CodeIgniter\Database\MySQLi\Connection->execute('INSERT INTO `tr...')
#2 D:\Program Files\XAMPP\htdocs\myproject-toko\system\Database\BaseConnection.php(652): CodeIgniter\Database\BaseConnection->simpleQuery('INSERT INTO `tr...')
#3 D:\Program Files\XAMPP\htdocs\myproject-toko\system\Database\BaseBuilder.php(2345): CodeIgniter\Database\BaseConnection->query('INSERT INTO `tr...', Array, false)
#4 D:\Program Files\XAMPP\htdocs\myproject-toko\system\Model.php(394): CodeIgniter\Database\BaseBuilder->insert()
#5 D:\Program Files\XAMPP\htdocs\myproject-toko\system\BaseModel.php(843): CodeIgniter\Model->doInsert(Array)
#6 D:\Program Files\XAMPP\htdocs\myproject-toko\system\Model.php(800): CodeIgniter\BaseModel->insert(Array, true)
#7 D:\Program Files\XAMPP\htdocs\myproject-toko\app\Controllers\TransaksiController.php(104): CodeIgniter\Model->insert(Array)
#8 D:\Program Files\XAMPP\htdocs\myproject-toko\system\CodeIgniter.php(933): App\Controllers\TransaksiController->checkout()
#9 D:\Program Files\XAMPP\htdocs\myproject-toko\system\CodeIgniter.php(507): CodeIgniter\CodeIgniter->runController(Object(App\Controllers\TransaksiController))
#10 D:\Program Files\XAMPP\htdocs\myproject-toko\system\CodeIgniter.php(354): CodeIgniter\CodeIgniter->handleRequest(NULL, Object(Config\Cache), false)
#11 D:\Program Files\XAMPP\htdocs\myproject-toko\system\Boot.php(334): CodeIgniter\CodeIgniter->run()
#12 D:\Program Files\XAMPP\htdocs\myproject-toko\system\Boot.php(67): CodeIgniter\Boot::runCodeIgniter(Object(CodeIgniter\CodeIgniter))
#13 D:\Program Files\XAMPP\htdocs\myproject-toko\public\index.php(59): CodeIgniter\Boot::bootWeb(Object(Config\Paths))
#14 D:\Program Files\XAMPP\htdocs\myproject-toko\system\rewrite.php(44): require_once('D:\\Program File...')
#15 {main}
ERROR - 2025-07-10 02:47:12 --> mysqli_sql_exception: Table 'db_ci4.transaction_details' doesn't exist in D:\Program Files\XAMPP\htdocs\myproject-toko\system\Database\MySQLi\Connection.php:327
Stack trace:
#0 D:\Program Files\XAMPP\htdocs\myproject-toko\system\Database\MySQLi\Connection.php(327): mysqli->query('INSERT INTO `tr...', 0)
#1 D:\Program Files\XAMPP\htdocs\myproject-toko\system\Database\BaseConnection.php(738): CodeIgniter\Database\MySQLi\Connection->execute('INSERT INTO `tr...')
#2 D:\Program Files\XAMPP\htdocs\myproject-toko\system\Database\BaseConnection.php(652): CodeIgniter\Database\BaseConnection->simpleQuery('INSERT INTO `tr...')
#3 D:\Program Files\XAMPP\htdocs\myproject-toko\system\Database\BaseBuilder.php(2345): CodeIgniter\Database\BaseConnection->query('INSERT INTO `tr...', Array, false)
#4 D:\Program Files\XAMPP\htdocs\myproject-toko\system\Model.php(394): CodeIgniter\Database\BaseBuilder->insert()
#5 D:\Program Files\XAMPP\htdocs\myproject-toko\system\BaseModel.php(843): CodeIgniter\Model->doInsert(Array)
#6 D:\Program Files\XAMPP\htdocs\myproject-toko\system\Model.php(800): CodeIgniter\BaseModel->insert(Array, true)
#7 D:\Program Files\XAMPP\htdocs\myproject-toko\app\Controllers\TransaksiController.php(104): CodeIgniter\Model->insert(Array)
#8 D:\Program Files\XAMPP\htdocs\myproject-toko\system\CodeIgniter.php(933): App\Controllers\TransaksiController->checkout()
#9 D:\Program Files\XAMPP\htdocs\myproject-toko\system\CodeIgniter.php(507): CodeIgniter\CodeIgniter->runController(Object(App\Controllers\TransaksiController))
#10 D:\Program Files\XAMPP\htdocs\myproject-toko\system\CodeIgniter.php(354): CodeIgniter\CodeIgniter->handleRequest(NULL, Object(Config\Cache), false)
#11 D:\Program Files\XAMPP\htdocs\myproject-toko\system\Boot.php(334): CodeIgniter\CodeIgniter->run()
#12 D:\Program Files\XAMPP\htdocs\myproject-toko\system\Boot.php(67): CodeIgniter\Boot::runCodeIgniter(Object(CodeIgniter\CodeIgniter))
#13 D:\Program Files\XAMPP\htdocs\myproject-toko\public\index.php(59): CodeIgniter\Boot::bootWeb(Object(Config\Paths))
#14 D:\Program Files\XAMPP\htdocs\myproject-toko\system\rewrite.php(44): require_once('D:\\Program File...')
#15 {main}
DEBUG - 2025-07-10 02:47:12 --> Session: Class initialized using 'CodeIgniter\Session\Handlers\FileHandler' driver.
INFO - 2025-07-10 02:47:12 --> Cart Class Initialized
DEBUG - 2025-07-10 02:47:16 --> Session: Class initialized using 'CodeIgniter\Session\Handlers\FileHandler' driver.
INFO - 2025-07-10 02:47:16 --> Cart Class Initialized
INFO - 2025-07-10 02:47:16 --> Cart Class Initialized
DEBUG - 2025-07-10 02:47:18 --> Session: Class initialized using 'CodeIgniter\Session\Handlers\FileHandler' driver.
INFO - 2025-07-10 02:47:18 --> Cart Class Initialized
DEBUG - 2025-07-10 02:47:20 --> Session: Class initialized using 'CodeIgniter\Session\Handlers\FileHandler' driver.
INFO - 2025-07-10 02:47:20 --> Cart Class Initialized
INFO - 2025-07-10 02:47:20 --> Cart Class Initialized
DEBUG - 2025-07-10 02:47:23 --> Session: Class initialized using 'CodeIgniter\Session\Handlers\FileHandler' driver.
INFO - 2025-07-10 02:47:23 --> Cart Class Initialized
INFO - 2025-07-10 02:47:23 --> Cart Class Initialized
DEBUG - 2025-07-10 02:47:30 --> Session: Class initialized using 'CodeIgniter\Session\Handlers\FileHandler' driver.
INFO - 2025-07-10 02:47:30 --> Cart Class Initialized
DEBUG - 2025-07-10 02:47:35 --> Session: Class initialized using 'CodeIgniter\Session\Handlers\FileHandler' driver.
INFO - 2025-07-10 02:47:35 --> Cart Class Initialized
DEBUG - 2025-07-10 02:47:36 --> Session: Class initialized using 'CodeIgniter\Session\Handlers\FileHandler' driver.
INFO - 2025-07-10 02:47:37 --> Cart Class Initialized
DEBUG - 2025-07-10 02:47:40 --> Session: Class initialized using 'CodeIgniter\Session\Handlers\FileHandler' driver.
INFO - 2025-07-10 02:47:40 --> Cart Class Initialized
DEBUG - 2025-07-10 02:47:40 --> Session: Class initialized using 'CodeIgniter\Session\Handlers\FileHandler' driver.
INFO - 2025-07-10 02:47:40 --> Cart Class Initialized
DEBUG - 2025-07-10 02:47:42 --> Session: Class initialized using 'CodeIgniter\Session\Handlers\FileHandler' driver.
INFO - 2025-07-10 02:47:42 --> Cart Class Initialized
DEBUG - 2025-07-10 02:47:42 --> Session: Class initialized using 'CodeIgniter\Session\Handlers\FileHandler' driver.
INFO - 2025-07-10 02:47:42 --> Cart Class Initialized
DEBUG - 2025-07-10 02:47:44 --> Session: Class initialized using 'CodeIgniter\Session\Handlers\FileHandler' driver.
INFO - 2025-07-10 02:47:44 --> Cart Class Initialized
INFO - 2025-07-10 02:47:44 --> Cart Class Initialized
DEBUG - 2025-07-10 02:47:54 --> Session: Class initialized using 'CodeIgniter\Session\Handlers\FileHandler' driver.
INFO - 2025-07-10 02:47:54 --> Cart Class Initialized
ERROR - 2025-07-10 02:47:54 --> mysqli_sql_exception: Table 'db_ci4.transaction_details' doesn't exist in D:\Program Files\XAMPP\htdocs\myproject-toko\system\Database\MySQLi\Connection.php:327
Stack trace:
#0 D:\Program Files\XAMPP\htdocs\myproject-toko\system\Database\MySQLi\Connection.php(327): mysqli->query('INSERT INTO `tr...', 0)
#1 D:\Program Files\XAMPP\htdocs\myproject-toko\system\Database\BaseConnection.php(738): CodeIgniter\Database\MySQLi\Connection->execute('INSERT INTO `tr...')
#2 D:\Program Files\XAMPP\htdocs\myproject-toko\system\Database\BaseConnection.php(652): CodeIgniter\Database\BaseConnection->simpleQuery('INSERT INTO `tr...')
#3 D:\Program Files\XAMPP\htdocs\myproject-toko\system\Database\BaseBuilder.php(2345): CodeIgniter\Database\BaseConnection->query('INSERT INTO `tr...', Array, false)
#4 D:\Program Files\XAMPP\htdocs\myproject-toko\system\Model.php(394): CodeIgniter\Database\BaseBuilder->insert()
#5 D:\Program Files\XAMPP\htdocs\myproject-toko\system\BaseModel.php(843): CodeIgniter\Model->doInsert(Array)
#6 D:\Program Files\XAMPP\htdocs\myproject-toko\system\Model.php(800): CodeIgniter\BaseModel->insert(Array, true)
#7 D:\Program Files\XAMPP\htdocs\myproject-toko\app\Controllers\TransaksiController.php(104): CodeIgniter\Model->insert(Array)
#8 D:\Program Files\XAMPP\htdocs\myproject-toko\system\CodeIgniter.php(933): App\Controllers\TransaksiController->checkout()
#9 D:\Program Files\XAMPP\htdocs\myproject-toko\system\CodeIgniter.php(507): CodeIgniter\CodeIgniter->runController(Object(App\Controllers\TransaksiController))
#10 D:\Program Files\XAMPP\htdocs\myproject-toko\system\CodeIgniter.php(354): CodeIgniter\CodeIgniter->handleRequest(NULL, Object(Config\Cache), false)
#11 D:\Program Files\XAMPP\htdocs\myproject-toko\system\Boot.php(334): CodeIgniter\CodeIgniter->run()
#12 D:\Program Files\XAMPP\htdocs\myproject-toko\system\Boot.php(67): CodeIgniter\Boot::runCodeIgniter(Object(CodeIgniter\CodeIgniter))
#13 D:\Program Files\XAMPP\htdocs\myproject-toko\public\index.php(59): CodeIgniter\Boot::bootWeb(Object(Config\Paths))
#14 D:\Program Files\XAMPP\htdocs\myproject-toko\system\rewrite.php(44): require_once('D:\\Program File...')
#15 {main}
DEBUG - 2025-07-10 02:47:54 --> Session: Class initialized using 'CodeIgniter\Session\Handlers\FileHandler' driver.
INFO - 2025-07-10 02:47:54 --> Cart Class Initialized
DEBUG - 2025-07-10 02:47:59 --> Session: Class initialized using 'CodeIgniter\Session\Handlers\FileHandler' driver.
INFO - 2025-07-10 02:47:59 --> Cart Class Initialized
DEBUG - 2025-07-10 02:48:01 --> Session: Class initialized using 'CodeIgniter\Session\Handlers\FileHandler' driver.
INFO - 2025-07-10 02:48:01 --> Cart Class Initialized
DEBUG - 2025-07-10 02:48:04 --> Session: Class initialized using 'CodeIgniter\Session\Handlers\FileHandler' driver.
INFO - 2025-07-10 02:48:04 --> Cart Class Initialized
INFO - 2025-07-10 02:48:04 --> Cart Class Initialized
DEBUG - 2025-07-10 03:05:27 --> Session: Class initialized using 'CodeIgniter\Session\Handlers\FileHandler' driver.
INFO - 2025-07-10 03:05:27 --> Cart Class Initialized
DEBUG - 2025-07-10 03:05:27 --> Session: Class initialized using 'CodeIgniter\Session\Handlers\FileHandler' driver.
INFO - 2025-07-10 03:05:27 --> Cart Class Initialized
DEBUG - 2025-07-10 03:05:29 --> Session: Class initialized using 'CodeIgniter\Session\Handlers\FileHandler' driver.
INFO - 2025-07-10 03:05:29 --> Cart Class Initialized
DEBUG - 2025-07-10 03:05:29 --> Session: Class initialized using 'CodeIgniter\Session\Handlers\FileHandler' driver.
INFO - 2025-07-10 03:05:29 --> Cart Class Initialized
DEBUG - 2025-07-10 03:05:31 --> Session: Class initialized using 'CodeIgniter\Session\Handlers\FileHandler' driver.
INFO - 2025-07-10 03:05:31 --> Cart Class Initialized
INFO - 2025-07-10 03:05:31 --> Cart Class Initialized
DEBUG - 2025-07-10 03:05:38 --> Session: Class initialized using 'CodeIgniter\Session\Handlers\FileHandler' driver.
INFO - 2025-07-10 03:05:38 --> Cart Class Initialized
ERROR - 2025-07-10 03:05:38 --> mysqli_sql_exception: Table 'db_ci4.transaction_details' doesn't exist in D:\Program Files\XAMPP\htdocs\myproject-toko\system\Database\MySQLi\Connection.php:327
Stack trace:
#0 D:\Program Files\XAMPP\htdocs\myproject-toko\system\Database\MySQLi\Connection.php(327): mysqli->query('INSERT INTO `tr...', 0)
#1 D:\Program Files\XAMPP\htdocs\myproject-toko\system\Database\BaseConnection.php(738): CodeIgniter\Database\MySQLi\Connection->execute('INSERT INTO `tr...')
#2 D:\Program Files\XAMPP\htdocs\myproject-toko\system\Database\BaseConnection.php(652): CodeIgniter\Database\BaseConnection->simpleQuery('INSERT INTO `tr...')
#3 D:\Program Files\XAMPP\htdocs\myproject-toko\system\Database\BaseBuilder.php(2345): CodeIgniter\Database\BaseConnection->query('INSERT INTO `tr...', Array, false)
#4 D:\Program Files\XAMPP\htdocs\myproject-toko\system\Model.php(394): CodeIgniter\Database\BaseBuilder->insert()
#5 D:\Program Files\XAMPP\htdocs\myproject-toko\system\BaseModel.php(843): CodeIgniter\Model->doInsert(Array)
#6 D:\Program Files\XAMPP\htdocs\myproject-toko\system\Model.php(800): CodeIgniter\BaseModel->insert(Array, true)
#7 D:\Program Files\XAMPP\htdocs\myproject-toko\app\Controllers\TransaksiController.php(104): CodeIgniter\Model->insert(Array)
#8 D:\Program Files\XAMPP\htdocs\myproject-toko\system\CodeIgniter.php(933): App\Controllers\TransaksiController->checkout()
#9 D:\Program Files\XAMPP\htdocs\myproject-toko\system\CodeIgniter.php(507): CodeIgniter\CodeIgniter->runController(Object(App\Controllers\TransaksiController))
#10 D:\Program Files\XAMPP\htdocs\myproject-toko\system\CodeIgniter.php(354): CodeIgniter\CodeIgniter->handleRequest(NULL, Object(Config\Cache), false)
#11 D:\Program Files\XAMPP\htdocs\myproject-toko\system\Boot.php(334): CodeIgniter\CodeIgniter->run()
#12 D:\Program Files\XAMPP\htdocs\myproject-toko\system\Boot.php(67): CodeIgniter\Boot::runCodeIgniter(Object(CodeIgniter\CodeIgniter))
#13 D:\Program Files\XAMPP\htdocs\myproject-toko\public\index.php(59): CodeIgniter\Boot::bootWeb(Object(Config\Paths))
#14 D:\Program Files\XAMPP\htdocs\myproject-toko\system\rewrite.php(44): require_once('D:\\Program File...')
#15 {main}
DEBUG - 2025-07-10 03:05:38 --> Session: Class initialized using 'CodeIgniter\Session\Handlers\FileHandler' driver.
INFO - 2025-07-10 03:05:38 --> Cart Class Initialized
DEBUG - 2025-07-10 03:05:41 --> Session: Class initialized using 'CodeIgniter\Session\Handlers\FileHandler' driver.
INFO - 2025-07-10 03:05:41 --> Cart Class Initialized
INFO - 2025-07-10 03:05:41 --> Cart Class Initialized
DEBUG - 2025-07-10 03:05:44 --> Session: Class initialized using 'CodeIgniter\Session\Handlers\FileHandler' driver.
INFO - 2025-07-10 03:05:44 --> Cart Class Initialized
INFO - 2025-07-10 03:05:44 --> Cart Class Initialized
DEBUG - 2025-07-10 03:06:02 --> Session: Class initialized using 'CodeIgniter\Session\Handlers\FileHandler' driver.
INFO - 2025-07-10 03:06:02 --> Cart Class Initialized
DEBUG - 2025-07-10 03:06:04 --> Session: Class initialized using 'CodeIgniter\Session\Handlers\FileHandler' driver.
INFO - 2025-07-10 03:06:04 --> Cart Class Initialized
DEBUG - 2025-07-10 03:08:47 --> Session: Class initialized using 'CodeIgniter\Session\Handlers\FileHandler' driver.
INFO - 2025-07-10 03:08:47 --> Cart Class Initialized
INFO - 2025-07-10 03:08:47 --> Cart Class Initialized
DEBUG - 2025-07-10 03:11:31 --> Session: Class initialized using 'CodeIgniter\Session\Handlers\FileHandler' driver.
INFO - 2025-07-10 03:11:31 --> Cart Class Initialized
DEBUG - 2025-07-10 03:11:34 --> Session: Class initialized using 'CodeIgniter\Session\Handlers\FileHandler' driver.
INFO - 2025-07-10 03:11:34 --> Cart Class Initialized
DEBUG - 2025-07-10 03:11:36 --> Session: Class initialized using 'CodeIgniter\Session\Handlers\FileHandler' driver.
INFO - 2025-07-10 03:11:36 --> Cart Class Initialized
DEBUG - 2025-07-10 03:11:39 --> Session: Class initialized using 'CodeIgniter\Session\Handlers\FileHandler' driver.
INFO - 2025-07-10 03:11:39 --> Cart Class Initialized
DEBUG - 2025-07-10 03:11:39 --> Session: Class initialized using 'CodeIgniter\Session\Handlers\FileHandler' driver.
INFO - 2025-07-10 03:11:39 --> Cart Class Initialized
DEBUG - 2025-07-10 03:11:41 --> Session: Class initialized using 'CodeIgniter\Session\Handlers\FileHandler' driver.
INFO - 2025-07-10 03:11:41 --> Cart Class Initialized
DEBUG - 2025-07-10 03:11:41 --> Session: Class initialized using 'CodeIgniter\Session\Handlers\FileHandler' driver.
INFO - 2025-07-10 03:11:41 --> Cart Class Initialized
DEBUG - 2025-07-10 03:11:43 --> Session: Class initialized using 'CodeIgniter\Session\Handlers\FileHandler' driver.
INFO - 2025-07-10 03:11:43 --> Cart Class Initialized
INFO - 2025-07-10 03:11:43 --> Cart Class Initialized
DEBUG - 2025-07-10 03:11:50 --> Session: Class initialized using 'CodeIgniter\Session\Handlers\FileHandler' driver.
INFO - 2025-07-10 03:11:50 --> Cart Class Initialized
DEBUG - 2025-07-10 03:11:51 --> Session: Class initialized using 'CodeIgniter\Session\Handlers\FileHandler' driver.
INFO - 2025-07-10 03:11:51 --> Cart Class Initialized
DEBUG - 2025-07-10 03:11:55 --> Session: Class initialized using 'CodeIgniter\Session\Handlers\FileHandler' driver.
INFO - 2025-07-10 03:11:55 --> Cart Class Initialized
INFO - 2025-07-10 03:11:55 --> Cart Class Initialized
DEBUG - 2025-07-10 03:12:03 --> Session: Class initialized using 'CodeIgniter\Session\Handlers\FileHandler' driver.
INFO - 2025-07-10 03:12:03 --> Cart Class Initialized
DEBUG - 2025-07-10 03:12:07 --> Session: Class initialized using 'CodeIgniter\Session\Handlers\FileHandler' driver.
INFO - 2025-07-10 03:12:07 --> Cart Class Initialized
INFO - 2025-07-10 03:12:07 --> Cart Class Initialized
DEBUG - 2025-07-10 03:12:43 --> Session: Class initialized using 'CodeIgniter\Session\Handlers\FileHandler' driver.
INFO - 2025-07-10 03:12:43 --> Cart Class Initialized
DEBUG - 2025-07-10 03:12:45 --> Session: Class initialized using 'CodeIgniter\Session\Handlers\FileHandler' driver.
INFO - 2025-07-10 03:12:45 --> Cart Class Initialized
INFO - 2025-07-10 03:12:45 --> Cart Class Initialized
